

================================================================
== Vitis HLS Report for 'top'
================================================================
* Date:           Thu Apr  8 16:37:56 2021

* Version:        2020.2 (Build 3064766 on Wed Nov 18 09:12:47 MST 2020)
* Project:        bad-coding-style-hls
* Solution:       solution1 (Vivado IP Flow Target)
* Product family: zynq
* Target device:  xc7z020-clg400-1


================================================================
== Performance Estimates
================================================================
+ Timing: 
    * Summary: 
    +--------+----------+----------+------------+
    |  Clock |  Target  | Estimated| Uncertainty|
    +--------+----------+----------+------------+
    |ap_clk  |  10.00 ns|  5.184 ns|     2.70 ns|
    +--------+----------+----------+------------+

+ Latency: 
    * Summary: 
    +---------+---------+----------+----------+-----+-----+---------+
    |  Latency (cycles) |  Latency (absolute) |  Interval | Pipeline|
    |   min   |   max   |    min   |    max   | min | max |   Type  |
    +---------+---------+----------+----------+-----+-----+---------+
    |        0|        0|      0 ns|      0 ns|    1|    1|     none|
    +---------+---------+----------+----------+-----+-----+---------+

    + Detail: 
        * Instance: 
        N/A

        * Loop: 
        N/A



================================================================
== Utilization Estimates
================================================================
* Summary: 
+-----------------+---------+-----+--------+-------+-----+
|       Name      | BRAM_18K| DSP |   FF   |  LUT  | URAM|
+-----------------+---------+-----+--------+-------+-----+
|DSP              |        -|    -|       -|      -|    -|
|Expression       |        -|    -|       0|      8|    -|
|FIFO             |        -|    -|       -|      -|    -|
|Instance         |        -|    -|       -|      -|    -|
|Memory           |        -|    -|       -|      -|    -|
|Multiplexer      |        -|    -|       -|     38|    -|
|Register         |        -|    -|       1|      -|    -|
+-----------------+---------+-----+--------+-------+-----+
|Total            |        0|    0|       1|     46|    0|
+-----------------+---------+-----+--------+-------+-----+
|Available        |      280|  220|  106400|  53200|    0|
+-----------------+---------+-----+--------+-------+-----+
|Utilization (%)  |        0|    0|      ~0|     ~0|    0|
+-----------------+---------+-----+--------+-------+-----+

+ Detail: 
    * Instance: 
    N/A

    * DSP: 
    N/A

    * Memory: 
    N/A

    * FIFO: 
    N/A

    * Expression: 
    +-------------------------------+----------+----+---+----+------------+------------+
    |         Variable Name         | Operation| DSP| FF| LUT| Bitwidth P0| Bitwidth P1|
    +-------------------------------+----------+----+---+----+------------+------------+
    |ap_predicate_op12_read_state1  |       and|   0|  0|   2|           1|           1|
    |tmp_2_nbreadreq_fu_32_p3       |       and|   0|  0|   2|           1|           0|
    |tmp_nbreadreq_fu_24_p3         |       and|   0|  0|   2|           1|           0|
    |ap_block_state1                |        or|   0|  0|   2|           1|           1|
    +-------------------------------+----------+----+---+----+------------+------------+
    |Total                          |          |   0|  0|   8|           4|           2|
    +-------------------------------+----------+----+---+----+------------+------------+

    * Multiplexer: 
    +----------------------------------+----+-----------+-----+-----------+
    |               Name               | LUT| Input Size| Bits| Total Bits|
    +----------------------------------+----+-----------+-----+-----------+
    |ap_phi_mux_retval_0_phi_fu_55_p6  |  20|          4|   32|        128|
    |in1_V_blk_n                       |   9|          2|    1|          2|
    |in2_V_blk_n                       |   9|          2|    1|          2|
    +----------------------------------+----+-----------+-----+-----------+
    |Total                             |  38|          8|   34|        132|
    +----------------------------------+----+-----------+-----+-----------+

    * Register: 
    +-----------+---+----+-----+-----------+
    |    Name   | FF| LUT| Bits| Const Bits|
    +-----------+---+----+-----+-----------+
    |ap_CS_fsm  |  1|   0|    1|          0|
    +-----------+---+----+-----+-----------+
    |Total      |  1|   0|    1|          0|
    +-----------+---+----+-----+-----------+



================================================================
== Interface
================================================================
* Summary: 
+---------------+-----+-----+------------+--------------+--------------+
|   RTL Ports   | Dir | Bits|  Protocol  | Source Object|    C Type    |
+---------------+-----+-----+------------+--------------+--------------+
|ap_clk         |   in|    1|  ap_ctrl_hs|           top|  return value|
|ap_rst         |   in|    1|  ap_ctrl_hs|           top|  return value|
|ap_start       |   in|    1|  ap_ctrl_hs|           top|  return value|
|ap_done        |  out|    1|  ap_ctrl_hs|           top|  return value|
|ap_idle        |  out|    1|  ap_ctrl_hs|           top|  return value|
|ap_ready       |  out|    1|  ap_ctrl_hs|           top|  return value|
|ap_return      |  out|   32|  ap_ctrl_hs|           top|  return value|
|in1_V_dout     |   in|   32|     ap_fifo|         in1_V|       pointer|
|in1_V_empty_n  |   in|    1|     ap_fifo|         in1_V|       pointer|
|in1_V_read     |  out|    1|     ap_fifo|         in1_V|       pointer|
|in2_V_dout     |   in|   32|     ap_fifo|         in2_V|       pointer|
|in2_V_empty_n  |   in|    1|     ap_fifo|         in2_V|       pointer|
|in2_V_read     |  out|    1|     ap_fifo|         in2_V|       pointer|
+---------------+-----+-----+------------+--------------+--------------+

